2022-06-27 20:03:00,358 - Velocimacro : added VM includeOutput: source=/templates/macros/json/output.vm
2022-06-27 20:03:00,358 - ResourceManager : found /templates/macros/json/output.vm with loader org.apache.velocity.runtime.resource.loader.ClasspathResourceLoader
2022-06-27 20:03:00,358 - Velocimacro : added VM includeMessage: source=/templates/macros/json/message.vm
2022-06-27 20:03:00,358 - ResourceManager : found /templates/macros/json/message.vm with loader org.apache.velocity.runtime.resource.loader.ClasspathResourceLoader
2022-06-27 20:03:00,360 - Velocimacro : added VM includeSteps: source=/templates/macros/json/steps.vm
2022-06-27 20:03:00,360 - ResourceManager : found /templates/macros/json/steps.vm with loader org.apache.velocity.runtime.resource.loader.ClasspathResourceLoader
2022-06-27 20:03:00,360 - Velocimacro : added VM includeStepName: source=/templates/macros/json/stepName.vm
2022-06-27 20:03:00,360 - ResourceManager : found /templates/macros/json/stepName.vm with loader org.apache.velocity.runtime.resource.loader.ClasspathResourceLoader
2022-06-27 20:03:00,361 - Velocimacro : added VM includeTags: source=/templates/macros/json/tags.vm
2022-06-27 20:03:00,361 - ResourceManager : found /templates/macros/json/tags.vm with loader org.apache.velocity.runtime.resource.loader.ClasspathResourceLoader
2022-06-27 20:03:00,370 - VM #includeNavigation: too few arguments to macro. Wanted 1 got 0
2022-06-27 20:03:00,371 - Left side ($active_tab) of '==' operation has null value. If it is a reference, it may not be in the context or its toString() returned null. /templates/macros/page/navigation.vm[line 14, column 51]
2022-06-27 20:03:00,371 - Left side ($active_tab) of '==' operation has null value. If it is a reference, it may not be in the context or its toString() returned null. /templates/macros/page/navigation.vm[line 15, column 51]
2022-06-27 20:03:00,371 - Left side ($active_tab) of '==' operation has null value. If it is a reference, it may not be in the context or its toString() returned null. /templates/macros/page/navigation.vm[line 16, column 51]
2022-06-27 20:03:00,371 - Left side ($active_tab) of '==' operation has null value. If it is a reference, it may not be in the context or its toString() returned null. /templates/macros/page/navigation.vm[line 20, column 51]
2022-06-27 20:03:00,390 - ResourceManager : found /templates/footer.vm with loader org.apache.velocity.runtime.resource.loader.ClasspathResourceLoader
2022-07-07 19:00:56,187 - Log4JLogChute initialized using file 'target/velocity.log'
2022-07-07 19:00:56,188 - Initializing Velocity, Calling init()...
2022-07-07 19:00:56,188 - Starting Apache Velocity v1.7 (compiled: 2010-11-19 12:14:37)
2022-07-07 19:00:56,188 - Default Properties File: org/apache/velocity/runtime/defaults/velocity.properties
2022-07-07 19:00:56,188 - Trying to use logger class org.apache.velocity.runtime.log.AvalonLogChute
2022-07-07 19:00:56,188 - Target log system for org.apache.velocity.runtime.log.AvalonLogChute is not available (java.lang.NoClassDefFoundError: org/apache/log/format/Formatter).  Falling back to next log system...
2022-07-07 19:00:56,188 - Trying to use logger class org.apache.velocity.runtime.log.Log4JLogChute
2022-07-07 19:00:56,188 - Using logger class org.apache.velocity.runtime.log.Log4JLogChute
2022-07-07 19:00:56,190 - ResourceLoader instantiated: org.apache.velocity.runtime.resource.loader.ClasspathResourceLoader
2022-07-07 19:00:56,203 - ResourceCache: initialized (class org.apache.velocity.runtime.resource.ResourceCacheImpl) with class java.util.Collections$SynchronizedMap cache map.
2022-07-07 19:00:56,205 - Loaded System Directive: org.apache.velocity.runtime.directive.Stop
2022-07-07 19:00:56,206 - Loaded System Directive: org.apache.velocity.runtime.directive.Define
2022-07-07 19:00:56,206 - Loaded System Directive: org.apache.velocity.runtime.directive.Break
2022-07-07 19:00:56,207 - Loaded System Directive: org.apache.velocity.runtime.directive.Evaluate
2022-07-07 19:00:56,207 - Loaded System Directive: org.apache.velocity.runtime.directive.Literal
2022-07-07 19:00:56,208 - Loaded System Directive: org.apache.velocity.runtime.directive.Macro
2022-07-07 19:00:56,208 - Loaded System Directive: org.apache.velocity.runtime.directive.Parse
2022-07-07 19:00:56,209 - Loaded System Directive: org.apache.velocity.runtime.directive.Include
2022-07-07 19:00:56,210 - Loaded System Directive: org.apache.velocity.runtime.directive.Foreach
2022-07-07 19:00:56,230 - Created '20' parsers.
2022-07-07 19:00:56,233 - Velocimacro : "velocimacro.library" is not set.  Trying default library: VM_global_library.vm
2022-07-07 19:00:56,233 - Could not load resource 'VM_global_library.vm' from ResourceLoader org.apache.velocity.runtime.resource.loader.ClasspathResourceLoader: ClasspathResourceLoader Error: cannot find resource VM_global_library.vm
2022-07-07 19:00:56,233 - Velocimacro : Default library not found.
2022-07-07 19:00:56,233 - Velocimacro : allowInline = true : VMs can be defined inline in templates
2022-07-07 19:00:56,233 - Velocimacro : allowInlineToOverride = false : VMs defined inline may NOT replace previous VM definitions
2022-07-07 19:00:56,233 - Velocimacro : allowInlineLocal = false : VMs defined inline will be global in scope if allowed.
2022-07-07 19:00:56,233 - Velocimacro : autoload off : VM system will not automatically reload global library macros
2022-07-07 19:00:56,315 - ResourceManager : found templates/generators/errorpage.vm with loader org.apache.velocity.runtime.resource.loader.ClasspathResourceLoader
2022-07-07 19:00:56,319 - ResourceManager : found /templates/headers.vm with loader org.apache.velocity.runtime.resource.loader.ClasspathResourceLoader
2022-07-07 19:00:56,319 - ResourceManager : found /templates/head.vm with loader org.apache.velocity.runtime.resource.loader.ClasspathResourceLoader
2022-07-07 19:00:56,320 - Velocimacro : added VM stringArray: source=/templates/macros/array.js.vm
2022-07-07 19:00:56,321 - Velocimacro : added VM numberArray: source=/templates/macros/array.js.vm
2022-07-07 19:00:56,321 - ResourceManager : found /templates/macros/array.js.vm with loader org.apache.velocity.runtime.resource.loader.ClasspathResourceLoader
2022-07-07 19:00:56,322 - Velocimacro : added VM includeBuildInfo: source=/templates/macros/page/buildinfo.vm
2022-07-07 19:00:56,322 - ResourceManager : found /templates/macros/page/buildinfo.vm with loader org.apache.velocity.runtime.resource.loader.ClasspathResourceLoader
2022-07-07 19:00:56,326 - Velocimacro : added VM includeClassifications: source=/templates/macros/page/classifications.vm
2022-07-07 19:00:56,326 - ResourceManager : found /templates/macros/page/classifications.vm with loader org.apache.velocity.runtime.resource.loader.ClasspathResourceLoader
2022-07-07 19:00:56,327 - Velocimacro : added VM includeLead: source=/templates/macros/page/lead.vm
2022-07-07 19:00:56,327 - ResourceManager : found /templates/macros/page/lead.vm with loader org.apache.velocity.runtime.resource.loader.ClasspathResourceLoader
2022-07-07 19:00:56,329 - Velocimacro : added VM includeNavigation: source=/templates/macros/page/navigation.vm
2022-07-07 19:00:56,329 - ResourceManager : found /templates/macros/page/navigation.vm with loader org.apache.velocity.runtime.resource.loader.ClasspathResourceLoader
2022-07-07 19:00:56,331 - Velocimacro : added VM includeReportInfo: source=/templates/macros/page/reportInfo.vm
2022-07-07 19:00:56,331 - ResourceManager : found /templates/macros/page/reportInfo.vm with loader org.apache.velocity.runtime.resource.loader.ClasspathResourceLoader
2022-07-07 19:00:56,332 - Velocimacro : added VM includeTitle: source=/templates/macros/page/title.vm
2022-07-07 19:00:56,332 - ResourceManager : found /templates/macros/page/title.vm with loader org.apache.velocity.runtime.resource.loader.ClasspathResourceLoader
2022-07-07 19:00:56,333 - Velocimacro : added VM includeExpandingButtons: source=/templates/macros/report/expandAllButtons.vm
2022-07-07 19:00:56,333 - ResourceManager : found /templates/macros/report/expandAllButtons.vm with loader org.apache.velocity.runtime.resource.loader.ClasspathResourceLoader
2022-07-07 19:00:56,337 - Velocimacro : added VM includeReportTable: source=/templates/macros/report/reportTable.vm
2022-07-07 19:00:56,337 - ResourceManager : found /templates/macros/report/reportTable.vm with loader org.apache.velocity.runtime.resource.loader.ClasspathResourceLoader
2022-07-07 19:00:56,339 - Velocimacro : added VM includeReportHeader: source=/templates/macros/report/reportHeader.vm
2022-07-07 19:00:56,339 - ResourceManager : found /templates/macros/report/reportHeader.vm with loader org.apache.velocity.runtime.resource.loader.ClasspathResourceLoader
2022-07-07 19:00:56,344 - Velocimacro : added VM includeStatsTable: source=/templates/macros/report/statsTable.vm
2022-07-07 19:00:56,344 - ResourceManager : found /templates/macros/report/statsTable.vm with loader org.apache.velocity.runtime.resource.loader.ClasspathResourceLoader
2022-07-07 19:00:56,344 - Velocimacro : added VM includeBrief: source=/templates/macros/json/brief.vm
2022-07-07 19:00:56,344 - ResourceManager : found /templates/macros/json/brief.vm with loader org.apache.velocity.runtime.resource.loader.ClasspathResourceLoader
2022-07-07 19:00:56,345 - Velocimacro : added VM includeDocString: source=/templates/macros/json/docstring.vm
2022-07-07 19:00:56,345 - ResourceManager : found /templates/macros/json/docstring.vm with loader org.apache.velocity.runtime.resource.loader.ClasspathResourceLoader
2022-07-07 19:00:56,346 - Velocimacro : added VM includeDuration: source=/templates/macros/json/duration.vm
2022-07-07 19:00:56,346 - ResourceManager : found /templates/macros/json/duration.vm with loader org.apache.velocity.runtime.resource.loader.ClasspathResourceLoader
2022-07-07 19:00:56,348 - Velocimacro : added VM includeElement: source=/templates/macros/json/element.vm
2022-07-07 19:00:56,348 - ResourceManager : found /templates/macros/json/element.vm with loader org.apache.velocity.runtime.resource.loader.ClasspathResourceLoader
2022-07-07 19:00:56,355 - Velocimacro : added VM includeEmbeddings: source=/templates/macros/json/embeddings.vm
2022-07-07 19:00:56,356 - Velocimacro : added VM includeHtmlEmbedding: source=/templates/macros/json/embeddings.vm
2022-07-07 19:00:56,356 - Velocimacro : added VM includeVideoEmbedding: source=/templates/macros/json/embeddings.vm
2022-07-07 19:00:56,356 - Velocimacro : added VM includeImageEmbedding: source=/templates/macros/json/embeddings.vm
2022-07-07 19:00:56,356 - Velocimacro : added VM includeImageReferenceEmbedding: source=/templates/macros/json/embeddings.vm
2022-07-07 19:00:56,356 - Velocimacro : added VM includeTextEmbedding: source=/templates/macros/json/embeddings.vm
2022-07-07 19:00:56,356 - Velocimacro : added VM includeUnknownEmbedding: source=/templates/macros/json/embeddings.vm
2022-07-07 19:00:56,356 - ResourceManager : found /templates/macros/json/embeddings.vm with loader org.apache.velocity.runtime.resource.loader.ClasspathResourceLoader
2022-07-07 19:00:56,357 - Velocimacro : added VM includeHooks: source=/templates/macros/json/hooks.vm
2022-07-07 19:00:56,358 - ResourceManager : found /templates/macros/json/hooks.vm with loader org.apache.velocity.runtime.resource.loader.ClasspathResourceLoader
2022-07-07 19:00:56,359 - Velocimacro : added VM includeOutput: source=/templates/macros/json/output.vm
2022-07-07 19:00:56,359 - ResourceManager : found /templates/macros/json/output.vm with loader org.apache.velocity.runtime.resource.loader.ClasspathResourceLoader
2022-07-07 19:00:56,360 - Velocimacro : added VM includeMessage: source=/templates/macros/json/message.vm
2022-07-07 19:00:56,360 - ResourceManager : found /templates/macros/json/message.vm with loader org.apache.velocity.runtime.resource.loader.ClasspathResourceLoader
2022-07-07 19:00:56,361 - Velocimacro : added VM includeSteps: source=/templates/macros/json/steps.vm
2022-07-07 19:00:56,362 - ResourceManager : found /templates/macros/json/steps.vm with loader org.apache.velocity.runtime.resource.loader.ClasspathResourceLoader
2022-07-07 19:00:56,362 - Velocimacro : added VM includeStepName: source=/templates/macros/json/stepName.vm
2022-07-07 19:00:56,362 - ResourceManager : found /templates/macros/json/stepName.vm with loader org.apache.velocity.runtime.resource.loader.ClasspathResourceLoader
2022-07-07 19:00:56,363 - Velocimacro : added VM includeTags: source=/templates/macros/json/tags.vm
2022-07-07 19:00:56,363 - ResourceManager : found /templates/macros/json/tags.vm with loader org.apache.velocity.runtime.resource.loader.ClasspathResourceLoader
2022-07-07 19:00:56,372 - VM #includeNavigation: too few arguments to macro. Wanted 1 got 0
2022-07-07 19:00:56,373 - Left side ($active_tab) of '==' operation has null value. If it is a reference, it may not be in the context or its toString() returned null. /templates/macros/page/navigation.vm[line 14, column 51]
2022-07-07 19:00:56,373 - Left side ($active_tab) of '==' operation has null value. If it is a reference, it may not be in the context or its toString() returned null. /templates/macros/page/navigation.vm[line 15, column 51]
2022-07-07 19:00:56,373 - Left side ($active_tab) of '==' operation has null value. If it is a reference, it may not be in the context or its toString() returned null. /templates/macros/page/navigation.vm[line 16, column 51]
2022-07-07 19:00:56,373 - Left side ($active_tab) of '==' operation has null value. If it is a reference, it may not be in the context or its toString() returned null. /templates/macros/page/navigation.vm[line 20, column 51]
2022-07-07 19:00:56,389 - ResourceManager : found /templates/footer.vm with loader org.apache.velocity.runtime.resource.loader.ClasspathResourceLoader
2022-07-07 19:02:28,762 - Log4JLogChute initialized using file 'target/velocity.log'
2022-07-07 19:02:28,762 - Initializing Velocity, Calling init()...
2022-07-07 19:02:28,762 - Starting Apache Velocity v1.7 (compiled: 2010-11-19 12:14:37)
2022-07-07 19:02:28,762 - Default Properties File: org/apache/velocity/runtime/defaults/velocity.properties
2022-07-07 19:02:28,762 - Trying to use logger class org.apache.velocity.runtime.log.AvalonLogChute
2022-07-07 19:02:28,762 - Target log system for org.apache.velocity.runtime.log.AvalonLogChute is not available (java.lang.NoClassDefFoundError: org/apache/log/format/Formatter).  Falling back to next log system...
2022-07-07 19:02:28,762 - Trying to use logger class org.apache.velocity.runtime.log.Log4JLogChute
2022-07-07 19:02:28,762 - Using logger class org.apache.velocity.runtime.log.Log4JLogChute
2022-07-07 19:02:28,764 - ResourceLoader instantiated: org.apache.velocity.runtime.resource.loader.ClasspathResourceLoader
2022-07-07 19:02:28,771 - ResourceCache: initialized (class org.apache.velocity.runtime.resource.ResourceCacheImpl) with class java.util.Collections$SynchronizedMap cache map.
2022-07-07 19:02:28,772 - Loaded System Directive: org.apache.velocity.runtime.directive.Stop
2022-07-07 19:02:28,773 - Loaded System Directive: org.apache.velocity.runtime.directive.Define
2022-07-07 19:02:28,773 - Loaded System Directive: org.apache.velocity.runtime.directive.Break
2022-07-07 19:02:28,773 - Loaded System Directive: org.apache.velocity.runtime.directive.Evaluate
2022-07-07 19:02:28,774 - Loaded System Directive: org.apache.velocity.runtime.directive.Literal
2022-07-07 19:02:28,774 - Loaded System Directive: org.apache.velocity.runtime.directive.Macro
2022-07-07 19:02:28,775 - Loaded System Directive: org.apache.velocity.runtime.directive.Parse
2022-07-07 19:02:28,776 - Loaded System Directive: org.apache.velocity.runtime.directive.Include
2022-07-07 19:02:28,777 - Loaded System Directive: org.apache.velocity.runtime.directive.Foreach
2022-07-07 19:02:28,796 - Created '20' parsers.
2022-07-07 19:02:28,799 - Velocimacro : "velocimacro.library" is not set.  Trying default library: VM_global_library.vm
2022-07-07 19:02:28,799 - Could not load resource 'VM_global_library.vm' from ResourceLoader org.apache.velocity.runtime.resource.loader.ClasspathResourceLoader: ClasspathResourceLoader Error: cannot find resource VM_global_library.vm
2022-07-07 19:02:28,799 - Velocimacro : Default library not found.
2022-07-07 19:02:28,800 - Velocimacro : allowInline = true : VMs can be defined inline in templates
2022-07-07 19:02:28,800 - Velocimacro : allowInlineToOverride = false : VMs defined inline may NOT replace previous VM definitions
2022-07-07 19:02:28,800 - Velocimacro : allowInlineLocal = false : VMs defined inline will be global in scope if allowed.
2022-07-07 19:02:28,800 - Velocimacro : autoload off : VM system will not automatically reload global library macros
2022-07-07 19:02:28,858 - ResourceManager : found templates/generators/errorpage.vm with loader org.apache.velocity.runtime.resource.loader.ClasspathResourceLoader
2022-07-07 19:02:28,861 - ResourceManager : found /templates/headers.vm with loader org.apache.velocity.runtime.resource.loader.ClasspathResourceLoader
2022-07-07 19:02:28,862 - ResourceManager : found /templates/head.vm with loader org.apache.velocity.runtime.resource.loader.ClasspathResourceLoader
2022-07-07 19:02:28,863 - Velocimacro : added VM stringArray: source=/templates/macros/array.js.vm
2022-07-07 19:02:28,863 - Velocimacro : added VM numberArray: source=/templates/macros/array.js.vm
2022-07-07 19:02:28,863 - ResourceManager : found /templates/macros/array.js.vm with loader org.apache.velocity.runtime.resource.loader.ClasspathResourceLoader
2022-07-07 19:02:28,864 - Velocimacro : added VM includeBuildInfo: source=/templates/macros/page/buildinfo.vm
2022-07-07 19:02:28,864 - ResourceManager : found /templates/macros/page/buildinfo.vm with loader org.apache.velocity.runtime.resource.loader.ClasspathResourceLoader
2022-07-07 19:02:28,867 - Velocimacro : added VM includeClassifications: source=/templates/macros/page/classifications.vm
2022-07-07 19:02:28,867 - ResourceManager : found /templates/macros/page/classifications.vm with loader org.apache.velocity.runtime.resource.loader.ClasspathResourceLoader
2022-07-07 19:02:28,867 - Velocimacro : added VM includeLead: source=/templates/macros/page/lead.vm
2022-07-07 19:02:28,867 - ResourceManager : found /templates/macros/page/lead.vm with loader org.apache.velocity.runtime.resource.loader.ClasspathResourceLoader
2022-07-07 19:02:28,869 - Velocimacro : added VM includeNavigation: source=/templates/macros/page/navigation.vm
2022-07-07 19:02:28,869 - ResourceManager : found /templates/macros/page/navigation.vm with loader org.apache.velocity.runtime.resource.loader.ClasspathResourceLoader
2022-07-07 19:02:28,871 - Velocimacro : added VM includeReportInfo: source=/templates/macros/page/reportInfo.vm
2022-07-07 19:02:28,871 - ResourceManager : found /templates/macros/page/reportInfo.vm with loader org.apache.velocity.runtime.resource.loader.ClasspathResourceLoader
2022-07-07 19:02:28,872 - Velocimacro : added VM includeTitle: source=/templates/macros/page/title.vm
2022-07-07 19:02:28,872 - ResourceManager : found /templates/macros/page/title.vm with loader org.apache.velocity.runtime.resource.loader.ClasspathResourceLoader
2022-07-07 19:02:28,872 - Velocimacro : added VM includeExpandingButtons: source=/templates/macros/report/expandAllButtons.vm
2022-07-07 19:02:28,872 - ResourceManager : found /templates/macros/report/expandAllButtons.vm with loader org.apache.velocity.runtime.resource.loader.ClasspathResourceLoader
2022-07-07 19:02:28,876 - Velocimacro : added VM includeReportTable: source=/templates/macros/report/reportTable.vm
2022-07-07 19:02:28,876 - ResourceManager : found /templates/macros/report/reportTable.vm with loader org.apache.velocity.runtime.resource.loader.ClasspathResourceLoader
2022-07-07 19:02:28,877 - Velocimacro : added VM includeReportHeader: source=/templates/macros/report/reportHeader.vm
2022-07-07 19:02:28,877 - ResourceManager : found /templates/macros/report/reportHeader.vm with loader org.apache.velocity.runtime.resource.loader.ClasspathResourceLoader
2022-07-07 19:02:28,881 - Velocimacro : added VM includeStatsTable: source=/templates/macros/report/statsTable.vm
2022-07-07 19:02:28,881 - ResourceManager : found /templates/macros/report/statsTable.vm with loader org.apache.velocity.runtime.resource.loader.ClasspathResourceLoader
2022-07-07 19:02:28,882 - Velocimacro : added VM includeBrief: source=/templates/macros/json/brief.vm
2022-07-07 19:02:28,882 - ResourceManager : found /templates/macros/json/brief.vm with loader org.apache.velocity.runtime.resource.loader.ClasspathResourceLoader
2022-07-07 19:02:28,882 - Velocimacro : added VM includeDocString: source=/templates/macros/json/docstring.vm
2022-07-07 19:02:28,882 - ResourceManager : found /templates/macros/json/docstring.vm with loader org.apache.velocity.runtime.resource.loader.ClasspathResourceLoader
2022-07-07 19:02:28,883 - Velocimacro : added VM includeDuration: source=/templates/macros/json/duration.vm
2022-07-07 19:02:28,883 - ResourceManager : found /templates/macros/json/duration.vm with loader org.apache.velocity.runtime.resource.loader.ClasspathResourceLoader
2022-07-07 19:02:28,885 - Velocimacro : added VM includeElement: source=/templates/macros/json/element.vm
2022-07-07 19:02:28,886 - ResourceManager : found /templates/macros/json/element.vm with loader org.apache.velocity.runtime.resource.loader.ClasspathResourceLoader
2022-07-07 19:02:28,892 - Velocimacro : added VM includeEmbeddings: source=/templates/macros/json/embeddings.vm
2022-07-07 19:02:28,892 - Velocimacro : added VM includeHtmlEmbedding: source=/templates/macros/json/embeddings.vm
2022-07-07 19:02:28,892 - Velocimacro : added VM includeVideoEmbedding: source=/templates/macros/json/embeddings.vm
2022-07-07 19:02:28,893 - Velocimacro : added VM includeImageEmbedding: source=/templates/macros/json/embeddings.vm
2022-07-07 19:02:28,893 - Velocimacro : added VM includeImageReferenceEmbedding: source=/templates/macros/json/embeddings.vm
2022-07-07 19:02:28,893 - Velocimacro : added VM includeTextEmbedding: source=/templates/macros/json/embeddings.vm
2022-07-07 19:02:28,893 - Velocimacro : added VM includeUnknownEmbedding: source=/templates/macros/json/embeddings.vm
2022-07-07 19:02:28,893 - ResourceManager : found /templates/macros/json/embeddings.vm with loader org.apache.velocity.runtime.resource.loader.ClasspathResourceLoader
2022-07-07 19:02:28,894 - Velocimacro : added VM includeHooks: source=/templates/macros/json/hooks.vm
2022-07-07 19:02:28,894 - ResourceManager : found /templates/macros/json/hooks.vm with loader org.apache.velocity.runtime.resource.loader.ClasspathResourceLoader
2022-07-07 19:02:28,896 - Velocimacro : added VM includeOutput: source=/templates/macros/json/output.vm
2022-07-07 19:02:28,896 - ResourceManager : found /templates/macros/json/output.vm with loader org.apache.velocity.runtime.resource.loader.ClasspathResourceLoader
2022-07-07 19:02:28,896 - Velocimacro : added VM includeMessage: source=/templates/macros/json/message.vm
2022-07-07 19:02:28,896 - ResourceManager : found /templates/macros/json/message.vm with loader org.apache.velocity.runtime.resource.loader.ClasspathResourceLoader
2022-07-07 19:02:28,898 - Velocimacro : added VM includeSteps: source=/templates/macros/json/steps.vm
2022-07-07 19:02:28,898 - ResourceManager : found /templates/macros/json/steps.vm with loader org.apache.velocity.runtime.resource.loader.ClasspathResourceLoader
2022-07-07 19:02:28,898 - Velocimacro : added VM includeStepName: source=/templates/macros/json/stepName.vm
2022-07-07 19:02:28,898 - ResourceManager : found /templates/macros/json/stepName.vm with loader org.apache.velocity.runtime.resource.loader.ClasspathResourceLoader
2022-07-07 19:02:28,899 - Velocimacro : added VM includeTags: source=/templates/macros/json/tags.vm
2022-07-07 19:02:28,899 - ResourceManager : found /templates/macros/json/tags.vm with loader org.apache.velocity.runtime.resource.loader.ClasspathResourceLoader
2022-07-07 19:02:28,905 - VM #includeNavigation: too few arguments to macro. Wanted 1 got 0
2022-07-07 19:02:28,905 - Left side ($active_tab) of '==' operation has null value. If it is a reference, it may not be in the context or its toString() returned null. /templates/macros/page/navigation.vm[line 14, column 51]
2022-07-07 19:02:28,905 - Left side ($active_tab) of '==' operation has null value. If it is a reference, it may not be in the context or its toString() returned null. /templates/macros/page/navigation.vm[line 15, column 51]
2022-07-07 19:02:28,905 - Left side ($active_tab) of '==' operation has null value. If it is a reference, it may not be in the context or its toString() returned null. /templates/macros/page/navigation.vm[line 16, column 51]
2022-07-07 19:02:28,905 - Left side ($active_tab) of '==' operation has null value. If it is a reference, it may not be in the context or its toString() returned null. /templates/macros/page/navigation.vm[line 20, column 51]
2022-07-07 19:02:28,920 - ResourceManager : found /templates/footer.vm with loader org.apache.velocity.runtime.resource.loader.ClasspathResourceLoader
2022-07-13 12:30:20,671 - Log4JLogChute initialized using file 'target/velocity.log'
2022-07-13 12:30:20,672 - Initializing Velocity, Calling init()...
2022-07-13 12:30:20,672 - Starting Apache Velocity v1.7 (compiled: 2010-11-19 12:14:37)
2022-07-13 12:30:20,672 - Default Properties File: org/apache/velocity/runtime/defaults/velocity.properties
2022-07-13 12:30:20,672 - Trying to use logger class org.apache.velocity.runtime.log.AvalonLogChute
2022-07-13 12:30:20,672 - Target log system for org.apache.velocity.runtime.log.AvalonLogChute is not available (java.lang.NoClassDefFoundError: org/apache/log/format/Formatter).  Falling back to next log system...
2022-07-13 12:30:20,672 - Trying to use logger class org.apache.velocity.runtime.log.Log4JLogChute
2022-07-13 12:30:20,672 - Using logger class org.apache.velocity.runtime.log.Log4JLogChute
2022-07-13 12:30:20,675 - ResourceLoader instantiated: org.apache.velocity.runtime.resource.loader.ClasspathResourceLoader
2022-07-13 12:30:20,684 - ResourceCache: initialized (class org.apache.velocity.runtime.resource.ResourceCacheImpl) with class java.util.Collections$SynchronizedMap cache map.
2022-07-13 12:30:20,686 - Loaded System Directive: org.apache.velocity.runtime.directive.Stop
2022-07-13 12:30:20,686 - Loaded System Directive: org.apache.velocity.runtime.directive.Define
2022-07-13 12:30:20,687 - Loaded System Directive: org.apache.velocity.runtime.directive.Break
2022-07-13 12:30:20,687 - Loaded System Directive: org.apache.velocity.runtime.directive.Evaluate
2022-07-13 12:30:20,688 - Loaded System Directive: org.apache.velocity.runtime.directive.Literal
2022-07-13 12:30:20,689 - Loaded System Directive: org.apache.velocity.runtime.directive.Macro
2022-07-13 12:30:20,690 - Loaded System Directive: org.apache.velocity.runtime.directive.Parse
2022-07-13 12:30:20,690 - Loaded System Directive: org.apache.velocity.runtime.directive.Include
2022-07-13 12:30:20,691 - Loaded System Directive: org.apache.velocity.runtime.directive.Foreach
2022-07-13 12:30:20,710 - Created '20' parsers.
2022-07-13 12:30:20,715 - Velocimacro : "velocimacro.library" is not set.  Trying default library: VM_global_library.vm
2022-07-13 12:30:20,715 - Could not load resource 'VM_global_library.vm' from ResourceLoader org.apache.velocity.runtime.resource.loader.ClasspathResourceLoader: ClasspathResourceLoader Error: cannot find resource VM_global_library.vm
2022-07-13 12:30:20,715 - Velocimacro : Default library not found.
2022-07-13 12:30:20,715 - Velocimacro : allowInline = true : VMs can be defined inline in templates
2022-07-13 12:30:20,715 - Velocimacro : allowInlineToOverride = false : VMs defined inline may NOT replace previous VM definitions
2022-07-13 12:30:20,715 - Velocimacro : allowInlineLocal = false : VMs defined inline will be global in scope if allowed.
2022-07-13 12:30:20,716 - Velocimacro : autoload off : VM system will not automatically reload global library macros
2022-07-13 12:30:20,777 - ResourceManager : found templates/generators/errorpage.vm with loader org.apache.velocity.runtime.resource.loader.ClasspathResourceLoader
2022-07-13 12:30:20,780 - ResourceManager : found /templates/headers.vm with loader org.apache.velocity.runtime.resource.loader.ClasspathResourceLoader
2022-07-13 12:30:20,781 - ResourceManager : found /templates/head.vm with loader org.apache.velocity.runtime.resource.loader.ClasspathResourceLoader
2022-07-13 12:30:20,782 - Velocimacro : added VM stringArray: source=/templates/macros/array.js.vm
2022-07-13 12:30:20,783 - Velocimacro : added VM numberArray: source=/templates/macros/array.js.vm
2022-07-13 12:30:20,783 - ResourceManager : found /templates/macros/array.js.vm with loader org.apache.velocity.runtime.resource.loader.ClasspathResourceLoader
2022-07-13 12:30:20,784 - Velocimacro : added VM includeBuildInfo: source=/templates/macros/page/buildinfo.vm
2022-07-13 12:30:20,784 - ResourceManager : found /templates/macros/page/buildinfo.vm with loader org.apache.velocity.runtime.resource.loader.ClasspathResourceLoader
2022-07-13 12:30:20,786 - Velocimacro : added VM includeClassifications: source=/templates/macros/page/classifications.vm
2022-07-13 12:30:20,786 - ResourceManager : found /templates/macros/page/classifications.vm with loader org.apache.velocity.runtime.resource.loader.ClasspathResourceLoader
2022-07-13 12:30:20,787 - Velocimacro : added VM includeLead: source=/templates/macros/page/lead.vm
2022-07-13 12:30:20,787 - ResourceManager : found /templates/macros/page/lead.vm with loader org.apache.velocity.runtime.resource.loader.ClasspathResourceLoader
2022-07-13 12:30:20,788 - Velocimacro : added VM includeNavigation: source=/templates/macros/page/navigation.vm
2022-07-13 12:30:20,788 - ResourceManager : found /templates/macros/page/navigation.vm with loader org.apache.velocity.runtime.resource.loader.ClasspathResourceLoader
2022-07-13 12:30:20,789 - Velocimacro : added VM includeReportInfo: source=/templates/macros/page/reportInfo.vm
2022-07-13 12:30:20,790 - ResourceManager : found /templates/macros/page/reportInfo.vm with loader org.apache.velocity.runtime.resource.loader.ClasspathResourceLoader
2022-07-13 12:30:20,790 - Velocimacro : added VM includeTitle: source=/templates/macros/page/title.vm
2022-07-13 12:30:20,790 - ResourceManager : found /templates/macros/page/title.vm with loader org.apache.velocity.runtime.resource.loader.ClasspathResourceLoader
2022-07-13 12:30:20,791 - Velocimacro : added VM includeExpandingButtons: source=/templates/macros/report/expandAllButtons.vm
2022-07-13 12:30:20,791 - ResourceManager : found /templates/macros/report/expandAllButtons.vm with loader org.apache.velocity.runtime.resource.loader.ClasspathResourceLoader
2022-07-13 12:30:20,795 - Velocimacro : added VM includeReportTable: source=/templates/macros/report/reportTable.vm
2022-07-13 12:30:20,795 - ResourceManager : found /templates/macros/report/reportTable.vm with loader org.apache.velocity.runtime.resource.loader.ClasspathResourceLoader
2022-07-13 12:30:20,796 - Velocimacro : added VM includeReportHeader: source=/templates/macros/report/reportHeader.vm
2022-07-13 12:30:20,796 - ResourceManager : found /templates/macros/report/reportHeader.vm with loader org.apache.velocity.runtime.resource.loader.ClasspathResourceLoader
2022-07-13 12:30:20,801 - Velocimacro : added VM includeStatsTable: source=/templates/macros/report/statsTable.vm
2022-07-13 12:30:20,801 - ResourceManager : found /templates/macros/report/statsTable.vm with loader org.apache.velocity.runtime.resource.loader.ClasspathResourceLoader
2022-07-13 12:30:20,802 - Velocimacro : added VM includeBrief: source=/templates/macros/json/brief.vm
2022-07-13 12:30:20,802 - ResourceManager : found /templates/macros/json/brief.vm with loader org.apache.velocity.runtime.resource.loader.ClasspathResourceLoader
2022-07-13 12:30:20,802 - Velocimacro : added VM includeDocString: source=/templates/macros/json/docstring.vm
2022-07-13 12:30:20,802 - ResourceManager : found /templates/macros/json/docstring.vm with loader org.apache.velocity.runtime.resource.loader.ClasspathResourceLoader
2022-07-13 12:30:20,803 - Velocimacro : added VM includeDuration: source=/templates/macros/json/duration.vm
2022-07-13 12:30:20,804 - ResourceManager : found /templates/macros/json/duration.vm with loader org.apache.velocity.runtime.resource.loader.ClasspathResourceLoader
2022-07-13 12:30:20,806 - Velocimacro : added VM includeElement: source=/templates/macros/json/element.vm
2022-07-13 12:30:20,806 - ResourceManager : found /templates/macros/json/element.vm with loader org.apache.velocity.runtime.resource.loader.ClasspathResourceLoader
2022-07-13 12:30:20,815 - Velocimacro : added VM includeEmbeddings: source=/templates/macros/json/embeddings.vm
2022-07-13 12:30:20,816 - Velocimacro : added VM includeHtmlEmbedding: source=/templates/macros/json/embeddings.vm
2022-07-13 12:30:20,816 - Velocimacro : added VM includeVideoEmbedding: source=/templates/macros/json/embeddings.vm
2022-07-13 12:30:20,816 - Velocimacro : added VM includeImageEmbedding: source=/templates/macros/json/embeddings.vm
2022-07-13 12:30:20,816 - Velocimacro : added VM includeImageReferenceEmbedding: source=/templates/macros/json/embeddings.vm
2022-07-13 12:30:20,817 - Velocimacro : added VM includeTextEmbedding: source=/templates/macros/json/embeddings.vm
2022-07-13 12:30:20,817 - Velocimacro : added VM includeUnknownEmbedding: source=/templates/macros/json/embeddings.vm
2022-07-13 12:30:20,817 - ResourceManager : found /templates/macros/json/embeddings.vm with loader org.apache.velocity.runtime.resource.loader.ClasspathResourceLoader
2022-07-13 12:30:20,819 - Velocimacro : added VM includeHooks: source=/templates/macros/json/hooks.vm
2022-07-13 12:30:20,819 - ResourceManager : found /templates/macros/json/hooks.vm with loader org.apache.velocity.runtime.resource.loader.ClasspathResourceLoader
2022-07-13 12:30:20,820 - Velocimacro : added VM includeOutput: source=/templates/macros/json/output.vm
2022-07-13 12:30:20,820 - ResourceManager : found /templates/macros/json/output.vm with loader org.apache.velocity.runtime.resource.loader.ClasspathResourceLoader
2022-07-13 12:30:20,821 - Velocimacro : added VM includeMessage: source=/templates/macros/json/message.vm
2022-07-13 12:30:20,821 - ResourceManager : found /templates/macros/json/message.vm with loader org.apache.velocity.runtime.resource.loader.ClasspathResourceLoader
2022-07-13 12:30:20,823 - Velocimacro : added VM includeSteps: source=/templates/macros/json/steps.vm
2022-07-13 12:30:20,823 - ResourceManager : found /templates/macros/json/steps.vm with loader org.apache.velocity.runtime.resource.loader.ClasspathResourceLoader
2022-07-13 12:30:20,823 - Velocimacro : added VM includeStepName: source=/templates/macros/json/stepName.vm
2022-07-13 12:30:20,823 - ResourceManager : found /templates/macros/json/stepName.vm with loader org.apache.velocity.runtime.resource.loader.ClasspathResourceLoader
2022-07-13 12:30:20,824 - Velocimacro : added VM includeTags: source=/templates/macros/json/tags.vm
2022-07-13 12:30:20,824 - ResourceManager : found /templates/macros/json/tags.vm with loader org.apache.velocity.runtime.resource.loader.ClasspathResourceLoader
2022-07-13 12:30:20,831 - VM #includeNavigation: too few arguments to macro. Wanted 1 got 0
2022-07-13 12:30:20,832 - Left side ($active_tab) of '==' operation has null value. If it is a reference, it may not be in the context or its toString() returned null. /templates/macros/page/navigation.vm[line 14, column 51]
2022-07-13 12:30:20,832 - Left side ($active_tab) of '==' operation has null value. If it is a reference, it may not be in the context or its toString() returned null. /templates/macros/page/navigation.vm[line 15, column 51]
2022-07-13 12:30:20,832 - Left side ($active_tab) of '==' operation has null value. If it is a reference, it may not be in the context or its toString() returned null. /templates/macros/page/navigation.vm[line 16, column 51]
2022-07-13 12:30:20,832 - Left side ($active_tab) of '==' operation has null value. If it is a reference, it may not be in the context or its toString() returned null. /templates/macros/page/navigation.vm[line 20, column 51]
2022-07-13 12:30:20,847 - ResourceManager : found /templates/footer.vm with loader org.apache.velocity.runtime.resource.loader.ClasspathResourceLoader
